[0mGET /LTS_KB/knowledge?token=eyJhbGciOiJIUzI1NiIsInR5cCI6IkpXVCJ9.eyJ1c2VyX2lkIjoxMDAwLCJ1c2VyX3R5cGUiOiJhIiwiZW1haWwiOiJza2hhbjIzMUB1aWMuZWR1IiwicGFzcyI6IiQyYSQxMCRqWEZuUGMyVDIwcG1KeEEzazIzR2VPRDEuSVJEUmNhOWxha2hnbXBjOGI4T2JCQm4yN0I2MiIsImZpcnN0X25hbWUiOiJTaGFoYmF6IiwibGFzdF9uYW1lIjoiS2hhbiIsImZpcnN0X2FjY2Vzc2VkX29uIjpudWxsLCJsYXN0X2FjY2Vzc2VkX29uIjpudWxsLCJpYXQiOjE0NjkxMjMyNTksImV4cCI6MTQ2OTE1MjA1OX0.YUZnhOroFyDkwES1YqQdiJnlRocPVOiFbgg2Iekbons [36m304 [0m28.187 ms - -[0m
[0mGET /LTS_KB/api/knowledgeArticles/mongodb?token=eyJhbGciOiJIUzI1NiIsInR5cCI6IkpXVCJ9.eyJ1c2VyX2lkIjoxMDAwLCJ1c2VyX3R5cGUiOiJhIiwiZW1haWwiOiJza2hhbjIzMUB1aWMuZWR1IiwicGFzcyI6IiQyYSQxMCRqWEZuUGMyVDIwcG1KeEEzazIzR2VPRDEuSVJEUmNhOWxha2hnbXBjOGI4T2JCQm4yN0I2MiIsImZpcnN0X25hbWUiOiJTaGFoYmF6IiwibGFzdF9uYW1lIjoiS2hhbiIsImZpcnN0X2FjY2Vzc2VkX29uIjpudWxsLCJsYXN0X2FjY2Vzc2VkX29uIjpudWxsLCJpYXQiOjE0NjkxMjMyNTksImV4cCI6MTQ2OTE1MjA1OX0.YUZnhOroFyDkwES1YqQdiJnlRocPVOiFbgg2Iekbons [36m304 [0m100.114 ms - -[0m
[0mGET / [36m302 [0m7.942 ms - 46[0m
[0mGET http://ejournals.ebsco.com/login.asp?bCookiesEnabled=TRUE [33m404 [0m3.125 ms - 69[0m
[0mGET /LTS_KB/auth?logout_status=yes [36m304 [0m8.213 ms - -[0m
[0mGET http://dx.doi.org/ [36m302 [0m29.857 ms - 46[0m
[0mGET /manage [33m404 [0m2.585 ms - 19[0m
[0mGET /LTS_KB/auth?logout_status=yes [36m304 [0m12.660 ms - -[0m
[0mGET / [36m302 [0m5.656 ms - 80[0m
[0mGET /LTS_KB/auth [32m200 [0m8.351 ms - 18556[0m
[0mGET /favicon.ico [33m404 [0m1.387 ms - 24[0m
[0mGET /manager/html [33m404 [0m1.285 ms - 25[0m
[0mGET /manager/html [33m404 [0m0.390 ms - 25[0m
[0mGET /manager/html [33m404 [0m2.742 ms - 25[0m
[0mGET /manager/html [33m404 [0m0.383 ms - 25[0m
[0mGET /manager/html [33m404 [0m0.975 ms - 25[0m
[0mGET /manager/html [33m404 [0m0.404 ms - 25[0m
[0mGET /manager/html [33m404 [0m0.381 ms - 25[0m
[0mGET /manager/html [33m404 [0m1.373 ms - 25[0m
[0mGET /manager/html [33m404 [0m0.412 ms - 25[0m
[0mGET /manager/html [33m404 [0m1.008 ms - 25[0m
[0mGET /manager/html [33m404 [0m0.964 ms - 25[0m
[0mGET /manager/html [33m404 [0m0.344 ms - 25[0m
[0mGET /manager/html [33m404 [0m1.550 ms - 25[0m
[0mGET /manager/html [33m404 [0m0.381 ms - 25[0m
[0mGET /manager/html [33m404 [0m0.388 ms - 25[0m
[0mGET /manager/html [33m404 [0m1.240 ms - 25[0m
[0mGET /manager/html [33m404 [0m0.875 ms - 25[0m
[0mGET /manager/html [33m404 [0m1.041 ms - 25[0m
[0mGET /manager/html [33m404 [0m0.853 ms - 25[0m
[0mGET /manager/html [33m404 [0m0.864 ms - 25[0m
[0mGET /manager/html [33m404 [0m0.570 ms - 25[0m
[0mGET /manager/html [33m404 [0m1.440 ms - 25[0m
[0mGET /manager/html [33m404 [0m1.415 ms - 25[0m
[0mGET /manager/html [33m404 [0m0.368 ms - 25[0m
[0mGET http://www.google.com/reader/about/ [33m404 [0m6.117 ms - 47[0m
[0mGET / [36m302 [0m1.504 ms - 46[0m
[0mGET /script [33m404 [0m1.152 ms - 19[0m
[0mGET / [36m302 [0m0.557 ms - 80[0m
[0mGET /LTS_KB/auth [32m200 [0m50.153 ms - 18556[0m
[0mGET /favicon.ico [33m404 [0m0.376 ms - 24[0m
[0mGET http://httpheader.net/ [36m302 [0m0.479 ms - 80[0m
[0mGET http://httpheader.net/LTS_KB/auth [32m200 [0m6.257 ms - 18556[0m
[0mGET http://dx.doi.org/ [36m302 [0m0.422 ms - 46[0m
[0mGET / [36m302 [0m1.185 ms - 46[0m
[0mGET http://www.google.com/reader/about/ [33m404 [0m0.510 ms - 47[0m
[0mGET /computer/ [33m404 [0m0.462 ms - 22[0m
[0mGET /manager/html [33m404 [0m0.419 ms - 25[0m
[0mGET /manager/html [33m404 [0m0.467 ms - 25[0m
[0mGET /manager/html [33m404 [0m12.071 ms - 25[0m
[0mGET /manager/html [33m404 [0m0.510 ms - 25[0m
[0mGET /manager/html [33m404 [0m3.834 ms - 25[0m
[0mGET /manager/html [33m404 [0m0.333 ms - 25[0m
[0mGET /manager/html [33m404 [0m1.985 ms - 25[0m
[0mGET /manager/html [33m404 [0m0.384 ms - 25[0m
[0mGET /manager/html [33m404 [0m0.380 ms - 25[0m
[0mGET /manager/html [33m404 [0m0.383 ms - 25[0m
[0mGET / [36m302 [0m0.494 ms - 80[0m
[0mGET /LTS_KB/auth [32m200 [0m70.442 ms - 18556[0m
[0mGET /favicon.ico [33m404 [0m0.406 ms - 24[0m
[0mGET /manager/html [33m404 [0m1.603 ms - 25[0m
[0mGET /manager/html [33m404 [0m0.377 ms - 25[0m
[0mGET / [36m302 [0m22.658 ms - 80[0m
[0mGET /LTS_KB/auth [32m200 [0m5.484 ms - 18556[0m
[0mGET /favicon.ico [33m404 [0m0.442 ms - 24[0m
[0mPOST /LTS_KB/auth [36m302 [0m2487.273 ms - 944[0m
[0mGET /LTS_KB/knowledge?token=eyJhbGciOiJIUzI1NiIsInR5cCI6IkpXVCJ9.eyJ1c2VyX2lkIjoxMDAwLCJ1c2VyX3R5cGUiOiJhIiwiZW1haWwiOiJza2hhbjIzMUB1aWMuZWR1IiwicGFzcyI6IiQyYSQxMCRqWEZuUGMyVDIwcG1KeEEzazIzR2VPRDEuSVJEUmNhOWxha2hnbXBjOGI4T2JCQm4yN0I2MiIsImZpcnN0X25hbWUiOiJTaGFoYmF6IiwibGFzdF9uYW1lIjoiS2hhbiIsImZpcnN0X2FjY2Vzc2VkX29uIjpudWxsLCJsYXN0X2FjY2Vzc2VkX29uIjpudWxsLCJpYXQiOjE0NjkzOTg5MTIsImV4cCI6MTQ2OTQyNzcxMn0.3-WsjpSayRphc7BQd9Yl0sGzjIAXg5INd0ILWeLb--M [32m200 [0m28.997 ms - 21836[0m
[0mGET /LTS_KB/api/knowledgeArticles/mongodb?token=eyJhbGciOiJIUzI1NiIsInR5cCI6IkpXVCJ9.eyJ1c2VyX2lkIjoxMDAwLCJ1c2VyX3R5cGUiOiJhIiwiZW1haWwiOiJza2hhbjIzMUB1aWMuZWR1IiwicGFzcyI6IiQyYSQxMCRqWEZuUGMyVDIwcG1KeEEzazIzR2VPRDEuSVJEUmNhOWxha2hnbXBjOGI4T2JCQm4yN0I2MiIsImZpcnN0X25hbWUiOiJTaGFoYmF6IiwibGFzdF9uYW1lIjoiS2hhbiIsImZpcnN0X2FjY2Vzc2VkX29uIjpudWxsLCJsYXN0X2FjY2Vzc2VkX29uIjpudWxsLCJpYXQiOjE0NjkzOTg5MTIsImV4cCI6MTQ2OTQyNzcxMn0.3-WsjpSayRphc7BQd9Yl0sGzjIAXg5INd0ILWeLb--M [32m200 [0m86.267 ms - 121087[0m
[0mGET /auth?valid=false [33m404 [0m0.666 ms - 29[0m
[0mGET http://dx.doi.org/ [36m302 [0m124.815 ms - 46[0m
